<?xml version="1.0" encoding="UTF-8"?>
<!-- Generated by org.testng.reporters.JUnitXMLReporter -->
<testsuite hostname="DESKTOP-AAEMRI1" ignored="0" name="Test" tests="1" failures="1" timestamp="2020-09-26T18:13:55 IST" time="0.22" errors="0">
  <testcase name="clickTest" time="0.084" classname="TestCases.Test_1">
    <failure type="java.lang.NullPointerException">
      <![CDATA[java.lang.NullPointerException
at org.openqa.selenium.support.pagefactory.DefaultElementLocator.findElement(DefaultElementLocator.java:69)
at org.openqa.selenium.support.pagefactory.internal.LocatingElementHandler.invoke(LocatingElementHandler.java:38)
at com.sun.proxy.$Proxy7.click(Unknown Source)
at PageObjects.Dashboard.clickElements(Dashboard.java:24)
at TestCases.Test_1.clickTest(Test_1.java:14)
at java.util.ArrayList.forEach(ArrayList.java:1257)
... Removed 27 stack frames]]>
    </failure>
  </testcase> <!-- clickTest -->
</testsuite> <!-- Test -->
