<?xml version="1.0" encoding="UTF-8"?>
<testng-results skipped="0" failed="0" ignored="0" total="1" passed="1">
  <reporter-output>
  </reporter-output>
  <suite name="Default suite" duration-ms="22048" started-at="2021-01-08T20:01:04 IST" finished-at="2021-01-08T20:01:26 IST">
    <groups>
    </groups>
    <test name="Default test" duration-ms="22048" started-at="2021-01-08T20:01:04 IST" finished-at="2021-01-08T20:01:26 IST">
      <class name="TestCases.Test_2">
        <test-method status="PASS" signature="setup()[pri:0, instance:TestCases.Test_2@6c49835d]" name="setup" is-config="true" duration-ms="21463" started-at="2021-01-08T20:01:04 IST" finished-at="2021-01-08T20:01:25 IST">
          <reporter-output>
          </reporter-output>
        </test-method> <!-- setup -->
        <test-method status="PASS" signature="ClickTest()[pri:0, instance:TestCases.Test_2@6c49835d]" name="ClickTest" duration-ms="418" started-at="2021-01-08T20:01:26 IST" finished-at="2021-01-08T20:01:26 IST">
          <reporter-output>
          </reporter-output>
        </test-method> <!-- ClickTest -->
      </class> <!-- TestCases.Test_2 -->
    </test> <!-- Default test -->
  </suite> <!-- Default suite -->
</testng-results>
